androilan3/Kamera/app/build/intermediates/manifest_merge_blame_file/debug/manifest-merger-blame-debug-report.txt
1<?xml version="1.0" encoding="utf-8"?>
2<manifest xmlns:android="http://schemas.android.com/apk/res/android"
3    package="com.example.kamera"
4    android:versionCode="1"
5    android:versionName="1.0" >
6
7    <uses-sdk
8        android:minSdkVersion="29"
8-->src/main/AndroidManifest.xml
9        android:targetSdkVersion="30" />
9-->src/main/AndroidManifest.xml
10
11    <uses-feature
11-->src/main/AndroidManifest.xml:4:5-84
12        android:name="android.hardware.camera"
12-->src/main/AndroidManifest.xml:4:19-57
13        android:required="true" />
13-->src/main/AndroidManifest.xml:4:58-81
14
15    <uses-permission android:name="android.permission.WRITE_EXTERNAL_STORAGE" />
15-->src/main/AndroidManifest.xml:5:5-81
15-->src/main/AndroidManifest.xml:5:22-78
16    <uses-permission android:name="android.permission.READ_EXTERNAL_STORAGE" />
16-->src/main/AndroidManifest.xml:6:5-80
16-->src/main/AndroidManifest.xml:6:22-77
17
18    <application
18-->src/main/AndroidManifest.xml:8:5-35:19
19        android:allowBackup="true"
19-->src/main/AndroidManifest.xml:10:9-35
20        android:appComponentFactory="androidx.core.app.CoreComponentFactory"
20-->[androidx.core:core:1.3.1] AndroidManifest.xml:24:18-86
21        android:debuggable="true"
22        android:extractNativeLibs="false"
23        android:icon="@mipmap/ic_launcher"
23-->src/main/AndroidManifest.xml:11:9-43
24        android:label="@string/app_name"
24-->src/main/AndroidManifest.xml:12:9-41
25        android:requestLegacyExternalStorage="true"
25-->src/main/AndroidManifest.xml:9:9-52
26        android:roundIcon="@mipmap/ic_launcher_round"
26-->src/main/AndroidManifest.xml:13:9-54
27        android:supportsRtl="true"
27-->src/main/AndroidManifest.xml:14:9-35
28        android:testOnly="true"
29        android:theme="@style/Theme.Kamera" >
29-->src/main/AndroidManifest.xml:15:9-44
30        <activity android:name="com.example.kamera.MainActivity" >
30-->src/main/AndroidManifest.xml:16:9-22:20
30-->src/main/AndroidManifest.xml:16:19-47
31            <intent-filter>
31-->src/main/AndroidManifest.xml:17:13-21:29
32                <action android:name="android.intent.action.MAIN" />
32-->src/main/AndroidManifest.xml:18:17-69
32-->src/main/AndroidManifest.xml:18:25-66
33
34                <category android:name="android.intent.category.LAUNCHER" />
34-->src/main/AndroidManifest.xml:20:17-77
34-->src/main/AndroidManifest.xml:20:27-74
35            </intent-filter>
36        </activity>
37
38        <provider
39            android:name="androidx.core.content.FileProvider"
39-->src/main/AndroidManifest.xml:25:13-62
40            android:authorities="com.example.kamera.provider"
40-->src/main/AndroidManifest.xml:26:13-60
41            android:exported="false"
41-->src/main/AndroidManifest.xml:27:13-37
42            android:grantUriPermissions="true" >
42-->src/main/AndroidManifest.xml:28:13-47
43            <meta-data
43-->src/main/AndroidManifest.xml:29:13-31:53
44                android:name="android.support.FILE_PROVIDER_PATHS"
44-->src/main/AndroidManifest.xml:30:17-67
45                android:resource="@xml/file_path" />
45-->src/main/AndroidManifest.xml:31:17-50
46        </provider>
47
48        <receiver android:name="com.example.kamera.ReminderBroadcast" />
48-->src/main/AndroidManifest.xml:34:9-54
48-->src/main/AndroidManifest.xml:34:19-52
49    </application>
50
51</manifest>